2024-01-12 11:02:02.314 [http-nio-8080-exec-1] INFO  o.a.c.c.C.[Tomcat].[localhost].[/] - Initializing Spring DispatcherServlet 'dispatcherServlet'
2024-01-12 11:02:02.315 [http-nio-8080-exec-1] INFO  o.s.web.servlet.DispatcherServlet - Initializing Servlet 'dispatcherServlet'
2024-01-12 11:02:02.315 [http-nio-8080-exec-1] INFO  o.s.web.servlet.DispatcherServlet - Completed initialization in 0 ms
2024-01-12 11:02:02.379 [http-nio-8080-exec-1] INFO  c.example.demo.MyBigNumberController - Digit 1: 5
2024-01-12 11:02:02.379 [http-nio-8080-exec-1] INFO  c.example.demo.MyBigNumberController - Digit 2: 7
2024-01-12 11:02:02.379 [http-nio-8080-exec-1] INFO  c.example.demo.MyBigNumberController - Sum: 12
2024-01-12 11:02:02.379 [http-nio-8080-exec-1] INFO  c.example.demo.MyBigNumberController - Result Digit: 2
2024-01-12 11:02:02.379 [http-nio-8080-exec-1] INFO  c.example.demo.MyBigNumberController - Carry: 1
2024-01-12 11:02:02.379 [http-nio-8080-exec-1] INFO  c.example.demo.MyBigNumberController - Digit 1: 4
2024-01-12 11:02:02.379 [http-nio-8080-exec-1] INFO  c.example.demo.MyBigNumberController - Digit 2: 3
2024-01-12 11:02:02.379 [http-nio-8080-exec-1] INFO  c.example.demo.MyBigNumberController - Sum: 8
2024-01-12 11:02:02.379 [http-nio-8080-exec-1] INFO  c.example.demo.MyBigNumberController - Result Digit: 8
2024-01-12 11:02:02.379 [http-nio-8080-exec-1] INFO  c.example.demo.MyBigNumberController - Carry: 0
2024-01-12 11:02:02.379 [http-nio-8080-exec-1] INFO  c.example.demo.MyBigNumberController - Digit 1: 3
2024-01-12 11:02:02.379 [http-nio-8080-exec-1] INFO  c.example.demo.MyBigNumberController - Digit 2: 9
2024-01-12 11:02:02.379 [http-nio-8080-exec-1] INFO  c.example.demo.MyBigNumberController - Sum: 12
2024-01-12 11:02:02.379 [http-nio-8080-exec-1] INFO  c.example.demo.MyBigNumberController - Result Digit: 2
2024-01-12 11:02:02.379 [http-nio-8080-exec-1] INFO  c.example.demo.MyBigNumberController - Carry: 1
2024-01-12 11:02:02.379 [http-nio-8080-exec-1] INFO  c.example.demo.MyBigNumberController - Digit 1: 2
2024-01-12 11:02:02.379 [http-nio-8080-exec-1] INFO  c.example.demo.MyBigNumberController - Digit 2: 4
2024-01-12 11:02:02.379 [http-nio-8080-exec-1] INFO  c.example.demo.MyBigNumberController - Sum: 7
2024-01-12 11:02:02.379 [http-nio-8080-exec-1] INFO  c.example.demo.MyBigNumberController - Result Digit: 7
2024-01-12 11:02:02.379 [http-nio-8080-exec-1] INFO  c.example.demo.MyBigNumberController - Carry: 0
2024-01-12 11:02:02.379 [http-nio-8080-exec-1] INFO  c.example.demo.MyBigNumberController - Digit 1: 1
2024-01-12 11:02:02.380 [http-nio-8080-exec-1] INFO  c.example.demo.MyBigNumberController - Digit 2: 2
2024-01-12 11:02:02.380 [http-nio-8080-exec-1] INFO  c.example.demo.MyBigNumberController - Sum: 3
2024-01-12 11:02:02.380 [http-nio-8080-exec-1] INFO  c.example.demo.MyBigNumberController - Result Digit: 3
2024-01-12 11:02:02.380 [http-nio-8080-exec-1] INFO  c.example.demo.MyBigNumberController - Carry: 0
2024-01-12 11:02:02.380 [http-nio-8080-exec-1] INFO  c.example.demo.MyBigNumberController - Digit 1: 0
2024-01-12 11:02:02.380 [http-nio-8080-exec-1] INFO  c.example.demo.MyBigNumberController - Digit 2: 3
2024-01-12 11:02:02.380 [http-nio-8080-exec-1] INFO  c.example.demo.MyBigNumberController - Sum: 3
2024-01-12 11:02:02.380 [http-nio-8080-exec-1] INFO  c.example.demo.MyBigNumberController - Result Digit: 3
2024-01-12 11:02:02.380 [http-nio-8080-exec-1] INFO  c.example.demo.MyBigNumberController - Carry: 0
2024-01-12 11:02:02.380 [http-nio-8080-exec-1] INFO  c.example.demo.MyBigNumberController - Digit 1: 0
2024-01-12 11:02:02.380 [http-nio-8080-exec-1] INFO  c.example.demo.MyBigNumberController - Digit 2: 9
2024-01-12 11:02:02.380 [http-nio-8080-exec-1] INFO  c.example.demo.MyBigNumberController - Sum: 9
2024-01-12 11:02:02.380 [http-nio-8080-exec-1] INFO  c.example.demo.MyBigNumberController - Result Digit: 9
2024-01-12 11:02:02.380 [http-nio-8080-exec-1] INFO  c.example.demo.MyBigNumberController - Carry: 0
2024-01-12 11:02:02.380 [http-nio-8080-exec-1] INFO  c.example.demo.MyBigNumberController - Result: 9337282
2024-01-12 11:37:46.752 [background-preinit] INFO  o.h.validator.internal.util.Version - HV000001: Hibernate Validator 8.0.1.Final
2024-01-12 11:37:46.772 [main] INFO  com.example.demo.DemoApplication - Starting DemoApplication using Java 21.0.1 with PID 19733 (/home/quocduy/Documents/TestPV/demo/target/classes started by quocduy in /home/quocduy/Documents/TestPV/demo)
2024-01-12 11:37:46.772 [main] INFO  com.example.demo.DemoApplication - No active profile set, falling back to 1 default profile: "default"
2024-01-12 11:37:47.393 [main] INFO  o.s.b.w.e.tomcat.TomcatWebServer - Tomcat initialized with port 8080 (http)
2024-01-12 11:37:47.402 [main] INFO  o.a.coyote.http11.Http11NioProtocol - Initializing ProtocolHandler ["http-nio-8080"]
2024-01-12 11:37:47.404 [main] INFO  o.a.catalina.core.StandardService - Starting service [Tomcat]
2024-01-12 11:37:47.404 [main] INFO  o.a.catalina.core.StandardEngine - Starting Servlet engine: [Apache Tomcat/10.1.17]
2024-01-12 11:37:47.437 [main] INFO  o.a.c.c.C.[Tomcat].[localhost].[/] - Initializing Spring embedded WebApplicationContext
2024-01-12 11:37:47.437 [main] INFO  o.s.b.w.s.c.ServletWebServerApplicationContext - Root WebApplicationContext: initialization completed in 633 ms
2024-01-12 11:37:47.712 [main] INFO  o.a.coyote.http11.Http11NioProtocol - Starting ProtocolHandler ["http-nio-8080"]
2024-01-12 11:37:47.722 [main] INFO  o.s.b.w.e.tomcat.TomcatWebServer - Tomcat started on port 8080 (http) with context path ''
2024-01-12 11:37:47.727 [main] INFO  com.example.demo.DemoApplication - Started DemoApplication in 1.188 seconds (process running for 1.665)
2024-01-12 11:37:53.314 [http-nio-8080-exec-1] INFO  o.a.c.c.C.[Tomcat].[localhost].[/] - Initializing Spring DispatcherServlet 'dispatcherServlet'
2024-01-12 11:37:53.314 [http-nio-8080-exec-1] INFO  o.s.web.servlet.DispatcherServlet - Initializing Servlet 'dispatcherServlet'
2024-01-12 11:37:53.315 [http-nio-8080-exec-1] INFO  o.s.web.servlet.DispatcherServlet - Completed initialization in 0 ms
2024-01-12 11:37:53.366 [http-nio-8080-exec-1] INFO  c.example.demo.MyBigNumberController - Digit 1: 5
2024-01-12 11:37:53.366 [http-nio-8080-exec-1] INFO  c.example.demo.MyBigNumberController - Digit 2: 7
2024-01-12 11:37:53.366 [http-nio-8080-exec-1] INFO  c.example.demo.MyBigNumberController - Sum: 12
2024-01-12 11:37:53.366 [http-nio-8080-exec-1] INFO  c.example.demo.MyBigNumberController - Result Digit: 2
2024-01-12 11:37:53.366 [http-nio-8080-exec-1] INFO  c.example.demo.MyBigNumberController - Carry: 1
2024-01-12 11:37:53.366 [http-nio-8080-exec-1] INFO  c.example.demo.MyBigNumberController - Digit 1: 4
2024-01-12 11:37:53.366 [http-nio-8080-exec-1] INFO  c.example.demo.MyBigNumberController - Digit 2: 3
2024-01-12 11:37:53.366 [http-nio-8080-exec-1] INFO  c.example.demo.MyBigNumberController - Sum: 8
2024-01-12 11:37:53.366 [http-nio-8080-exec-1] INFO  c.example.demo.MyBigNumberController - Result Digit: 8
2024-01-12 11:37:53.366 [http-nio-8080-exec-1] INFO  c.example.demo.MyBigNumberController - Carry: 0
2024-01-12 11:37:53.366 [http-nio-8080-exec-1] INFO  c.example.demo.MyBigNumberController - Digit 1: 3
2024-01-12 11:37:53.366 [http-nio-8080-exec-1] INFO  c.example.demo.MyBigNumberController - Digit 2: 9
2024-01-12 11:37:53.367 [http-nio-8080-exec-1] INFO  c.example.demo.MyBigNumberController - Sum: 12
2024-01-12 11:37:53.367 [http-nio-8080-exec-1] INFO  c.example.demo.MyBigNumberController - Result Digit: 2
2024-01-12 11:37:53.367 [http-nio-8080-exec-1] INFO  c.example.demo.MyBigNumberController - Carry: 1
2024-01-12 11:37:53.367 [http-nio-8080-exec-1] INFO  c.example.demo.MyBigNumberController - Digit 1: 2
2024-01-12 11:37:53.367 [http-nio-8080-exec-1] INFO  c.example.demo.MyBigNumberController - Digit 2: 4
2024-01-12 11:37:53.367 [http-nio-8080-exec-1] INFO  c.example.demo.MyBigNumberController - Sum: 7
2024-01-12 11:37:53.367 [http-nio-8080-exec-1] INFO  c.example.demo.MyBigNumberController - Result Digit: 7
2024-01-12 11:37:53.367 [http-nio-8080-exec-1] INFO  c.example.demo.MyBigNumberController - Carry: 0
2024-01-12 11:37:53.367 [http-nio-8080-exec-1] INFO  c.example.demo.MyBigNumberController - Digit 1: 1
2024-01-12 11:37:53.367 [http-nio-8080-exec-1] INFO  c.example.demo.MyBigNumberController - Digit 2: 2
2024-01-12 11:37:53.367 [http-nio-8080-exec-1] INFO  c.example.demo.MyBigNumberController - Sum: 3
2024-01-12 11:37:53.367 [http-nio-8080-exec-1] INFO  c.example.demo.MyBigNumberController - Result Digit: 3
2024-01-12 11:37:53.367 [http-nio-8080-exec-1] INFO  c.example.demo.MyBigNumberController - Carry: 0
2024-01-12 11:37:53.367 [http-nio-8080-exec-1] INFO  c.example.demo.MyBigNumberController - Digit 1: 0
2024-01-12 11:37:53.367 [http-nio-8080-exec-1] INFO  c.example.demo.MyBigNumberController - Digit 2: 3
2024-01-12 11:37:53.367 [http-nio-8080-exec-1] INFO  c.example.demo.MyBigNumberController - Sum: 3
2024-01-12 11:37:53.367 [http-nio-8080-exec-1] INFO  c.example.demo.MyBigNumberController - Result Digit: 3
2024-01-12 11:37:53.367 [http-nio-8080-exec-1] INFO  c.example.demo.MyBigNumberController - Carry: 0
2024-01-12 11:37:53.367 [http-nio-8080-exec-1] INFO  c.example.demo.MyBigNumberController - Digit 1: 0
2024-01-12 11:37:53.367 [http-nio-8080-exec-1] INFO  c.example.demo.MyBigNumberController - Digit 2: 9
2024-01-12 11:37:53.367 [http-nio-8080-exec-1] INFO  c.example.demo.MyBigNumberController - Sum: 9
2024-01-12 11:37:53.367 [http-nio-8080-exec-1] INFO  c.example.demo.MyBigNumberController - Result Digit: 9
2024-01-12 11:37:53.367 [http-nio-8080-exec-1] INFO  c.example.demo.MyBigNumberController - Carry: 0
2024-01-12 11:37:53.368 [http-nio-8080-exec-1] INFO  c.example.demo.MyBigNumberController - Result: 9337282
2024-01-12 11:45:04.403 [background-preinit] INFO  o.h.validator.internal.util.Version - HV000001: Hibernate Validator 8.0.1.Final
2024-01-12 11:45:04.438 [main] INFO  com.example.demo.DemoApplication - Starting DemoApplication using Java 21.0.1 with PID 20334 (/home/quocduy/Documents/TestPV/demo/target/classes started by quocduy in /home/quocduy/Documents/TestPV/demo)
2024-01-12 11:45:04.438 [main] INFO  com.example.demo.DemoApplication - No active profile set, falling back to 1 default profile: "default"
2024-01-12 11:45:05.084 [main] INFO  o.s.b.w.e.tomcat.TomcatWebServer - Tomcat initialized with port 8080 (http)
2024-01-12 11:45:05.094 [main] INFO  o.a.coyote.http11.Http11NioProtocol - Initializing ProtocolHandler ["http-nio-8080"]
2024-01-12 11:45:05.096 [main] INFO  o.a.catalina.core.StandardService - Starting service [Tomcat]
2024-01-12 11:45:05.096 [main] INFO  o.a.catalina.core.StandardEngine - Starting Servlet engine: [Apache Tomcat/10.1.17]
2024-01-12 11:45:05.133 [main] INFO  o.a.c.c.C.[Tomcat].[localhost].[/] - Initializing Spring embedded WebApplicationContext
2024-01-12 11:45:05.134 [main] INFO  o.s.b.w.s.c.ServletWebServerApplicationContext - Root WebApplicationContext: initialization completed in 665 ms
2024-01-12 11:45:05.416 [main] INFO  o.a.coyote.http11.Http11NioProtocol - Starting ProtocolHandler ["http-nio-8080"]
2024-01-12 11:45:05.427 [main] INFO  o.s.b.w.e.tomcat.TomcatWebServer - Tomcat started on port 8080 (http) with context path ''
2024-01-12 11:45:05.435 [main] INFO  com.example.demo.DemoApplication - Started DemoApplication in 1.208 seconds (process running for 1.682)
2024-01-12 11:45:13.509 [http-nio-8080-exec-2] INFO  o.a.c.c.C.[Tomcat].[localhost].[/] - Initializing Spring DispatcherServlet 'dispatcherServlet'
2024-01-12 11:45:13.509 [http-nio-8080-exec-2] INFO  o.s.web.servlet.DispatcherServlet - Initializing Servlet 'dispatcherServlet'
2024-01-12 11:45:13.510 [http-nio-8080-exec-2] INFO  o.s.web.servlet.DispatcherServlet - Completed initialization in 1 ms
2024-01-12 11:45:13.572 [http-nio-8080-exec-2] INFO  c.example.demo.MyBigNumberController - Digit 1: 0
2024-01-12 11:45:13.573 [http-nio-8080-exec-2] INFO  c.example.demo.MyBigNumberController - Digit 2: 0
2024-01-12 11:45:13.573 [http-nio-8080-exec-2] INFO  c.example.demo.MyBigNumberController - Sum: 0
2024-01-12 11:45:13.573 [http-nio-8080-exec-2] INFO  c.example.demo.MyBigNumberController - Result Digit: 0
2024-01-12 11:45:13.573 [http-nio-8080-exec-2] INFO  c.example.demo.MyBigNumberController - Carry: 0
2024-01-12 11:45:13.573 [http-nio-8080-exec-2] INFO  c.example.demo.MyBigNumberController - Result: 0
